SF:lib/app/models/place.dart
DA:12,2
DA:20,0
DA:27,0
DA:28,0
DA:29,0
DA:30,0
DA:31,0
DA:32,0
DA:36,1
DA:37,1
DA:38,1
DA:39,1
DA:40,1
DA:41,1
DA:42,1
DA:46,1
DA:47,1
DA:48,1
DA:49,1
DA:50,1
DA:51,1
DA:52,1
DA:56,0
DA:58,0
DA:59,0
DA:61,0
DA:64,1
DA:66,1
DA:67,1
DA:68,1
DA:69,1
DA:70,1
DA:71,1
DA:75,0
LF:34
LH:22
end_of_record
SF:lib/app/models/onboarding.dart
DA:9,1
DA:14,0
DA:18,0
DA:19,0
DA:20,0
DA:24,1
DA:25,1
DA:26,1
DA:27,1
DA:31,1
DA:32,1
DA:33,1
DA:34,1
DA:38,0
DA:40,0
DA:41,0
DA:43,0
DA:46,1
DA:47,3
LF:19
LH:11
end_of_record
